<?xml version="1.0" encoding="utf-8"?>
<coverage line-rate="1" branch-rate="1" version="1.9" timestamp="1729323700" lines-covered="340" lines-valid="340" branches-covered="198" branches-valid="198">
  <sources>
    <source>C:\Users\MrZet\source\repos\Lab1PPOIS\</source>
  </sources>
  <packages>
    <package name="Lab1PPOIS" line-rate="1" branch-rate="1" complexity="206">
      <classes>
        <class name="Field" filename="Field.cs" line-rate="1" branch-rate="1" complexity="131">
          <methods>
            <method name="GetSize" signature="()" line-rate="1" branch-rate="1" complexity="1">
              <lines>
                <line number="11" hits="4378" branch="False" />
                <line number="12" hits="4378" branch="False" />
                <line number="13" hits="4378" branch="False" />
              </lines>
            </method>
            <method name="CheckCellIsEmpty" signature="(System.Int32,System.Int32)" line-rate="1" branch-rate="1" complexity="1">
              <lines>
                <line number="14" hits="77" branch="False" />
              </lines>
            </method>
            <method name="CheckColumns" signature="(System.Byte,System.Byte)" line-rate="1" branch-rate="1" complexity="24">
              <lines>
                <line number="16" hits="160" branch="False" />
                <line number="17" hits="160" branch="False" />
                <line number="18" hits="160" branch="True" condition-coverage="100% (4/4)">
                  <conditions>
                    <condition number="18" type="jump" coverage="100%" />
                    <condition number="45" type="jump" coverage="100%" />
                  </conditions>
                </line>
                <line number="19" hits="92" branch="False" />
                <line number="20" hits="92" branch="True" condition-coverage="100% (4/4)">
                  <conditions>
                    <condition number="76" type="jump" coverage="100%" />
                    <condition number="115" type="jump" coverage="100%" />
                  </conditions>
                </line>
                <line number="21" hits="1" branch="False" />
                <line number="22" hits="1" branch="False" />
                <line number="23" hits="1" branch="False" />
                <line number="24" hits="92" branch="False" />
                <line number="25" hits="160" branch="True" condition-coverage="100% (4/4)">
                  <conditions>
                    <condition number="149" type="jump" coverage="100%" />
                    <condition number="165" type="jump" coverage="100%" />
                  </conditions>
                </line>
                <line number="26" hits="81" branch="False" />
                <line number="27" hits="81" branch="True" condition-coverage="100% (4/4)">
                  <conditions>
                    <condition number="196" type="jump" coverage="100%" />
                    <condition number="237" type="jump" coverage="100%" />
                  </conditions>
                </line>
                <line number="28" hits="1" branch="False" />
                <line number="29" hits="1" branch="False" />
                <line number="30" hits="1" branch="False" />
                <line number="31" hits="81" branch="False" />
                <line number="32" hits="160" branch="True" condition-coverage="100% (4/4)">
                  <conditions>
                    <condition number="260" type="jump" coverage="100%" />
                    <condition number="278" type="jump" coverage="100%" />
                  </conditions>
                </line>
                <line number="33" hits="60" branch="False" />
                <line number="34" hits="60" branch="True" condition-coverage="100% (4/4)">
                  <conditions>
                    <condition number="309" type="jump" coverage="100%" />
                    <condition number="350" type="jump" coverage="100%" />
                  </conditions>
                </line>
                <line number="35" hits="1" branch="False" />
                <line number="36" hits="1" branch="False" />
                <line number="37" hits="1" branch="False" />
                <line number="38" hits="60" branch="False" />
                <line number="39" hits="160" branch="False" />
                <line number="40" hits="160" branch="False" />
              </lines>
            </method>
            <method name="CheckRows" signature="(System.Byte,System.Byte)" line-rate="1" branch-rate="1" complexity="24">
              <lines>
                <line number="42" hits="157" branch="False" />
                <line number="43" hits="157" branch="False" />
                <line number="44" hits="157" branch="True" condition-coverage="100% (4/4)">
                  <conditions>
                    <condition number="18" type="jump" coverage="100%" />
                    <condition number="45" type="jump" coverage="100%" />
                  </conditions>
                </line>
                <line number="45" hits="93" branch="False" />
                <line number="46" hits="93" branch="True" condition-coverage="100% (4/4)">
                  <conditions>
                    <condition number="76" type="jump" coverage="100%" />
                    <condition number="115" type="jump" coverage="100%" />
                  </conditions>
                </line>
                <line number="47" hits="1" branch="False" />
                <line number="48" hits="1" branch="False" />
                <line number="49" hits="1" branch="False" />
                <line number="50" hits="93" branch="False" />
                <line number="51" hits="157" branch="True" condition-coverage="100% (4/4)">
                  <conditions>
                    <condition number="149" type="jump" coverage="100%" />
                    <condition number="165" type="jump" coverage="100%" />
                  </conditions>
                </line>
                <line number="52" hits="72" branch="False" />
                <line number="53" hits="72" branch="True" condition-coverage="100% (4/4)">
                  <conditions>
                    <condition number="196" type="jump" coverage="100%" />
                    <condition number="237" type="jump" coverage="100%" />
                  </conditions>
                </line>
                <line number="54" hits="1" branch="False" />
                <line number="55" hits="1" branch="False" />
                <line number="56" hits="1" branch="False" />
                <line number="57" hits="72" branch="False" />
                <line number="58" hits="157" branch="True" condition-coverage="100% (4/4)">
                  <conditions>
                    <condition number="260" type="jump" coverage="100%" />
                    <condition number="278" type="jump" coverage="100%" />
                  </conditions>
                </line>
                <line number="59" hits="47" branch="False" />
                <line number="60" hits="47" branch="True" condition-coverage="100% (4/4)">
                  <conditions>
                    <condition number="309" type="jump" coverage="100%" />
                    <condition number="350" type="jump" coverage="100%" />
                  </conditions>
                </line>
                <line number="61" hits="1" branch="False" />
                <line number="62" hits="1" branch="False" />
                <line number="63" hits="1" branch="False" />
                <line number="64" hits="47" branch="False" />
                <line number="65" hits="157" branch="False" />
                <line number="66" hits="157" branch="False" />
              </lines>
            </method>
            <method name="CheckMainDiagonal" signature="(System.Byte,System.Byte)" line-rate="1" branch-rate="1" complexity="36">
              <lines>
                <line number="68" hits="154" branch="False" />
                <line number="69" hits="154" branch="False" />
                <line number="70" hits="154" branch="True" condition-coverage="100% (8/8)">
                  <conditions>
                    <condition number="18" type="jump" coverage="100%" />
                    <condition number="35" type="jump" coverage="100%" />
                    <condition number="52" type="jump" coverage="100%" />
                    <condition number="82" type="jump" coverage="100%" />
                  </conditions>
                </line>
                <line number="71" hits="68" branch="False" />
                <line number="72" hits="68" branch="True" condition-coverage="100% (4/4)">
                  <conditions>
                    <condition number="115" type="jump" coverage="100%" />
                    <condition number="158" type="jump" coverage="100%" />
                  </conditions>
                </line>
                <line number="73" hits="1" branch="False" />
                <line number="74" hits="1" branch="False" />
                <line number="75" hits="1" branch="False" />
                <line number="76" hits="68" branch="False" />
                <line number="77" hits="154" branch="True" condition-coverage="100% (8/8)">
                  <conditions>
                    <condition number="192" type="jump" coverage="100%" />
                    <condition number="198" type="jump" coverage="100%" />
                    <condition number="215" type="jump" coverage="100%" />
                    <condition number="234" type="jump" coverage="100%" />
                  </conditions>
                </line>
                <line number="78" hits="46" branch="False" />
                <line number="79" hits="46" branch="True" condition-coverage="100% (4/4)">
                  <conditions>
                    <condition number="267" type="jump" coverage="100%" />
                    <condition number="312" type="jump" coverage="100%" />
                  </conditions>
                </line>
                <line number="80" hits="1" branch="False" />
                <line number="81" hits="1" branch="False" />
                <line number="82" hits="1" branch="False" />
                <line number="83" hits="46" branch="False" />
                <line number="84" hits="154" branch="True" condition-coverage="100% (8/8)">
                  <conditions>
                    <condition number="335" type="jump" coverage="100%" />
                    <condition number="341" type="jump" coverage="100%" />
                    <condition number="347" type="jump" coverage="100%" />
                    <condition number="368" type="jump" coverage="100%" />
                  </conditions>
                </line>
                <line number="85" hits="27" branch="False" />
                <line number="86" hits="27" branch="True" condition-coverage="100% (4/4)">
                  <conditions>
                    <condition number="401" type="jump" coverage="100%" />
                    <condition number="446" type="jump" coverage="100%" />
                  </conditions>
                </line>
                <line number="87" hits="15" branch="False" />
                <line number="88" hits="15" branch="False" />
                <line number="89" hits="15" branch="False" />
                <line number="90" hits="27" branch="False" />
                <line number="91" hits="154" branch="False" />
                <line number="92" hits="154" branch="False" />
              </lines>
            </method>
            <method name="CheckSecondaryDiagonal" signature="(System.Byte,System.Byte)" line-rate="1" branch-rate="1" complexity="36">
              <lines>
                <line number="94" hits="137" branch="False" />
                <line number="95" hits="137" branch="False" />
                <line number="96" hits="137" branch="True" condition-coverage="100% (8/8)">
                  <conditions>
                    <condition number="18" type="jump" coverage="100%" />
                    <condition number="35" type="jump" coverage="100%" />
                    <condition number="41" type="jump" coverage="100%" />
                    <condition number="60" type="jump" coverage="100%" />
                  </conditions>
                </line>
                <line number="97" hits="12" branch="False" />
                <line number="98" hits="12" branch="True" condition-coverage="100% (4/4)">
                  <conditions>
                    <condition number="93" type="jump" coverage="100%" />
                    <condition number="136" type="jump" coverage="100%" />
                  </conditions>
                </line>
                <line number="99" hits="1" branch="False" />
                <line number="100" hits="1" branch="False" />
                <line number="101" hits="1" branch="False" />
                <line number="102" hits="12" branch="False" />
                <line number="103" hits="137" branch="True" condition-coverage="100% (8/8)">
                  <conditions>
                    <condition number="170" type="jump" coverage="100%" />
                    <condition number="176" type="jump" coverage="100%" />
                    <condition number="182" type="jump" coverage="100%" />
                    <condition number="212" type="jump" coverage="100%" />
                  </conditions>
                </line>
                <line number="104" hits="35" branch="False" />
                <line number="105" hits="35" branch="True" condition-coverage="100% (4/4)">
                  <conditions>
                    <condition number="245" type="jump" coverage="100%" />
                    <condition number="290" type="jump" coverage="100%" />
                  </conditions>
                </line>
                <line number="106" hits="1" branch="False" />
                <line number="107" hits="1" branch="False" />
                <line number="108" hits="1" branch="False" />
                <line number="109" hits="35" branch="False" />
                <line number="110" hits="137" branch="True" condition-coverage="100% (8/8)">
                  <conditions>
                    <condition number="313" type="jump" coverage="100%" />
                    <condition number="319" type="jump" coverage="100%" />
                    <condition number="336" type="jump" coverage="100%" />
                    <condition number="368" type="jump" coverage="100%" />
                  </conditions>
                </line>
                <line number="111" hits="22" branch="False" />
                <line number="112" hits="22" branch="True" condition-coverage="100% (4/4)">
                  <conditions>
                    <condition number="401" type="jump" coverage="100%" />
                    <condition number="446" type="jump" coverage="100%" />
                  </conditions>
                </line>
                <line number="113" hits="1" branch="False" />
                <line number="114" hits="1" branch="False" />
                <line number="115" hits="1" branch="False" />
                <line number="116" hits="22" branch="False" />
                <line number="117" hits="137" branch="False" />
                <line number="118" hits="137" branch="False" />
              </lines>
            </method>
            <method name="CheckWinner" signature="(System.Byte,System.Byte)" line-rate="1" branch-rate="1" complexity="6">
              <lines>
                <line number="120" hits="160" branch="False" />
                <line number="122" hits="160" branch="False" />
                <line number="123" hits="160" branch="True" condition-coverage="100% (2/2)">
                  <conditions>
                    <condition number="16" type="jump" coverage="100%" />
                  </conditions>
                </line>
                <line number="124" hits="157" branch="False" />
                <line number="125" hits="160" branch="True" condition-coverage="100% (2/2)">
                  <conditions>
                    <condition number="33" type="jump" coverage="100%" />
                  </conditions>
                </line>
                <line number="126" hits="154" branch="False" />
                <line number="127" hits="160" branch="True" condition-coverage="100% (2/2)">
                  <conditions>
                    <condition number="50" type="jump" coverage="100%" />
                  </conditions>
                </line>
                <line number="128" hits="137" branch="False" />
                <line number="129" hits="160" branch="False" />
                <line number="130" hits="160" branch="False" />
              </lines>
            </method>
            <method name="get_Item" signature="(System.Byte,System.Byte)" line-rate="1" branch-rate="1" complexity="1">
              <lines>
                <line number="133" hits="3552" branch="False" />
              </lines>
            </method>
            <method name="set_Item" signature="(System.Byte,System.Byte,System.Byte)" line-rate="1" branch-rate="1" complexity="1">
              <lines>
                <line number="135" hits="125" branch="False" />
              </lines>
            </method>
            <method name=".ctor" signature="(System.Byte)" line-rate="1" branch-rate="1" complexity="1">
              <lines>
                <line number="5" hits="53" branch="False" />
                <line number="7" hits="53" branch="False" />
                <line number="8" hits="53" branch="False" />
              </lines>
            </method>
          </methods>
          <lines>
            <line number="11" hits="4378" branch="False" />
            <line number="12" hits="4378" branch="False" />
            <line number="13" hits="4378" branch="False" />
            <line number="14" hits="77" branch="False" />
            <line number="16" hits="160" branch="False" />
            <line number="17" hits="160" branch="False" />
            <line number="18" hits="160" branch="True" condition-coverage="100% (4/4)">
              <conditions>
                <condition number="18" type="jump" coverage="100%" />
                <condition number="45" type="jump" coverage="100%" />
              </conditions>
            </line>
            <line number="19" hits="92" branch="False" />
            <line number="20" hits="92" branch="True" condition-coverage="100% (4/4)">
              <conditions>
                <condition number="76" type="jump" coverage="100%" />
                <condition number="115" type="jump" coverage="100%" />
              </conditions>
            </line>
            <line number="21" hits="1" branch="False" />
            <line number="22" hits="1" branch="False" />
            <line number="23" hits="1" branch="False" />
            <line number="24" hits="92" branch="False" />
            <line number="25" hits="160" branch="True" condition-coverage="100% (4/4)">
              <conditions>
                <condition number="149" type="jump" coverage="100%" />
                <condition number="165" type="jump" coverage="100%" />
              </conditions>
            </line>
            <line number="26" hits="81" branch="False" />
            <line number="27" hits="81" branch="True" condition-coverage="100% (4/4)">
              <conditions>
                <condition number="196" type="jump" coverage="100%" />
                <condition number="237" type="jump" coverage="100%" />
              </conditions>
            </line>
            <line number="28" hits="1" branch="False" />
            <line number="29" hits="1" branch="False" />
            <line number="30" hits="1" branch="False" />
            <line number="31" hits="81" branch="False" />
            <line number="32" hits="160" branch="True" condition-coverage="100% (4/4)">
              <conditions>
                <condition number="260" type="jump" coverage="100%" />
                <condition number="278" type="jump" coverage="100%" />
              </conditions>
            </line>
            <line number="33" hits="60" branch="False" />
            <line number="34" hits="60" branch="True" condition-coverage="100% (4/4)">
              <conditions>
                <condition number="309" type="jump" coverage="100%" />
                <condition number="350" type="jump" coverage="100%" />
              </conditions>
            </line>
            <line number="35" hits="1" branch="False" />
            <line number="36" hits="1" branch="False" />
            <line number="37" hits="1" branch="False" />
            <line number="38" hits="60" branch="False" />
            <line number="39" hits="160" branch="False" />
            <line number="40" hits="160" branch="False" />
            <line number="42" hits="157" branch="False" />
            <line number="43" hits="157" branch="False" />
            <line number="44" hits="157" branch="True" condition-coverage="100% (4/4)">
              <conditions>
                <condition number="18" type="jump" coverage="100%" />
                <condition number="45" type="jump" coverage="100%" />
              </conditions>
            </line>
            <line number="45" hits="93" branch="False" />
            <line number="46" hits="93" branch="True" condition-coverage="100% (4/4)">
              <conditions>
                <condition number="76" type="jump" coverage="100%" />
                <condition number="115" type="jump" coverage="100%" />
              </conditions>
            </line>
            <line number="47" hits="1" branch="False" />
            <line number="48" hits="1" branch="False" />
            <line number="49" hits="1" branch="False" />
            <line number="50" hits="93" branch="False" />
            <line number="51" hits="157" branch="True" condition-coverage="100% (4/4)">
              <conditions>
                <condition number="149" type="jump" coverage="100%" />
                <condition number="165" type="jump" coverage="100%" />
              </conditions>
            </line>
            <line number="52" hits="72" branch="False" />
            <line number="53" hits="72" branch="True" condition-coverage="100% (4/4)">
              <conditions>
                <condition number="196" type="jump" coverage="100%" />
                <condition number="237" type="jump" coverage="100%" />
              </conditions>
            </line>
            <line number="54" hits="1" branch="False" />
            <line number="55" hits="1" branch="False" />
            <line number="56" hits="1" branch="False" />
            <line number="57" hits="72" branch="False" />
            <line number="58" hits="157" branch="True" condition-coverage="100% (4/4)">
              <conditions>
                <condition number="260" type="jump" coverage="100%" />
                <condition number="278" type="jump" coverage="100%" />
              </conditions>
            </line>
            <line number="59" hits="47" branch="False" />
            <line number="60" hits="47" branch="True" condition-coverage="100% (4/4)">
              <conditions>
                <condition number="309" type="jump" coverage="100%" />
                <condition number="350" type="jump" coverage="100%" />
              </conditions>
            </line>
            <line number="61" hits="1" branch="False" />
            <line number="62" hits="1" branch="False" />
            <line number="63" hits="1" branch="False" />
            <line number="64" hits="47" branch="False" />
            <line number="65" hits="157" branch="False" />
            <line number="66" hits="157" branch="False" />
            <line number="68" hits="154" branch="False" />
            <line number="69" hits="154" branch="False" />
            <line number="70" hits="154" branch="True" condition-coverage="100% (8/8)">
              <conditions>
                <condition number="18" type="jump" coverage="100%" />
                <condition number="35" type="jump" coverage="100%" />
                <condition number="52" type="jump" coverage="100%" />
                <condition number="82" type="jump" coverage="100%" />
              </conditions>
            </line>
            <line number="71" hits="68" branch="False" />
            <line number="72" hits="68" branch="True" condition-coverage="100% (4/4)">
              <conditions>
                <condition number="115" type="jump" coverage="100%" />
                <condition number="158" type="jump" coverage="100%" />
              </conditions>
            </line>
            <line number="73" hits="1" branch="False" />
            <line number="74" hits="1" branch="False" />
            <line number="75" hits="1" branch="False" />
            <line number="76" hits="68" branch="False" />
            <line number="77" hits="154" branch="True" condition-coverage="100% (8/8)">
              <conditions>
                <condition number="192" type="jump" coverage="100%" />
                <condition number="198" type="jump" coverage="100%" />
                <condition number="215" type="jump" coverage="100%" />
                <condition number="234" type="jump" coverage="100%" />
              </conditions>
            </line>
            <line number="78" hits="46" branch="False" />
            <line number="79" hits="46" branch="True" condition-coverage="100% (4/4)">
              <conditions>
                <condition number="267" type="jump" coverage="100%" />
                <condition number="312" type="jump" coverage="100%" />
              </conditions>
            </line>
            <line number="80" hits="1" branch="False" />
            <line number="81" hits="1" branch="False" />
            <line number="82" hits="1" branch="False" />
            <line number="83" hits="46" branch="False" />
            <line number="84" hits="154" branch="True" condition-coverage="100% (8/8)">
              <conditions>
                <condition number="335" type="jump" coverage="100%" />
                <condition number="341" type="jump" coverage="100%" />
                <condition number="347" type="jump" coverage="100%" />
                <condition number="368" type="jump" coverage="100%" />
              </conditions>
            </line>
            <line number="85" hits="27" branch="False" />
            <line number="86" hits="27" branch="True" condition-coverage="100% (4/4)">
              <conditions>
                <condition number="401" type="jump" coverage="100%" />
                <condition number="446" type="jump" coverage="100%" />
              </conditions>
            </line>
            <line number="87" hits="15" branch="False" />
            <line number="88" hits="15" branch="False" />
            <line number="89" hits="15" branch="False" />
            <line number="90" hits="27" branch="False" />
            <line number="91" hits="154" branch="False" />
            <line number="92" hits="154" branch="False" />
            <line number="94" hits="137" branch="False" />
            <line number="95" hits="137" branch="False" />
            <line number="96" hits="137" branch="True" condition-coverage="100% (8/8)">
              <conditions>
                <condition number="18" type="jump" coverage="100%" />
                <condition number="35" type="jump" coverage="100%" />
                <condition number="41" type="jump" coverage="100%" />
                <condition number="60" type="jump" coverage="100%" />
              </conditions>
            </line>
            <line number="97" hits="12" branch="False" />
            <line number="98" hits="12" branch="True" condition-coverage="100% (4/4)">
              <conditions>
                <condition number="93" type="jump" coverage="100%" />
                <condition number="136" type="jump" coverage="100%" />
              </conditions>
            </line>
            <line number="99" hits="1" branch="False" />
            <line number="100" hits="1" branch="False" />
            <line number="101" hits="1" branch="False" />
            <line number="102" hits="12" branch="False" />
            <line number="103" hits="137" branch="True" condition-coverage="100% (8/8)">
              <conditions>
                <condition number="170" type="jump" coverage="100%" />
                <condition number="176" type="jump" coverage="100%" />
                <condition number="182" type="jump" coverage="100%" />
                <condition number="212" type="jump" coverage="100%" />
              </conditions>
            </line>
            <line number="104" hits="35" branch="False" />
            <line number="105" hits="35" branch="True" condition-coverage="100% (4/4)">
              <conditions>
                <condition number="245" type="jump" coverage="100%" />
                <condition number="290" type="jump" coverage="100%" />
              </conditions>
            </line>
            <line number="106" hits="1" branch="False" />
            <line number="107" hits="1" branch="False" />
            <line number="108" hits="1" branch="False" />
            <line number="109" hits="35" branch="False" />
            <line number="110" hits="137" branch="True" condition-coverage="100% (8/8)">
              <conditions>
                <condition number="313" type="jump" coverage="100%" />
                <condition number="319" type="jump" coverage="100%" />
                <condition number="336" type="jump" coverage="100%" />
                <condition number="368" type="jump" coverage="100%" />
              </conditions>
            </line>
            <line number="111" hits="22" branch="False" />
            <line number="112" hits="22" branch="True" condition-coverage="100% (4/4)">
              <conditions>
                <condition number="401" type="jump" coverage="100%" />
                <condition number="446" type="jump" coverage="100%" />
              </conditions>
            </line>
            <line number="113" hits="1" branch="False" />
            <line number="114" hits="1" branch="False" />
            <line number="115" hits="1" branch="False" />
            <line number="116" hits="22" branch="False" />
            <line number="117" hits="137" branch="False" />
            <line number="118" hits="137" branch="False" />
            <line number="120" hits="160" branch="False" />
            <line number="122" hits="160" branch="False" />
            <line number="123" hits="160" branch="True" condition-coverage="100% (2/2)">
              <conditions>
                <condition number="16" type="jump" coverage="100%" />
              </conditions>
            </line>
            <line number="124" hits="157" branch="False" />
            <line number="125" hits="160" branch="True" condition-coverage="100% (2/2)">
              <conditions>
                <condition number="33" type="jump" coverage="100%" />
              </conditions>
            </line>
            <line number="126" hits="154" branch="False" />
            <line number="127" hits="160" branch="True" condition-coverage="100% (2/2)">
              <conditions>
                <condition number="50" type="jump" coverage="100%" />
              </conditions>
            </line>
            <line number="128" hits="137" branch="False" />
            <line number="129" hits="160" branch="False" />
            <line number="130" hits="160" branch="False" />
            <line number="133" hits="3552" branch="False" />
            <line number="135" hits="125" branch="False" />
            <line number="5" hits="53" branch="False" />
            <line number="7" hits="53" branch="False" />
            <line number="8" hits="53" branch="False" />
          </lines>
        </class>
        <class name="Game" filename="Game.cs" line-rate="1" branch-rate="1" complexity="68">
          <methods>
            <method name="SetPlayerChoice" signature="()" line-rate="1" branch-rate="1" complexity="6">
              <lines>
                <line number="10" hits="15" branch="False" />
                <line number="11" hits="15" branch="False" />
                <line number="12" hits="15" branch="False" />
                <line number="13" hits="32" branch="True" condition-coverage="100% (2/2)">
                  <conditions>
                    <condition number="75" type="jump" coverage="100%" />
                  </conditions>
                </line>
                <line number="14" hits="17" branch="False" />
                <line number="16" hits="17" branch="False" />
                <line number="17" hits="17" branch="False" />
                <line number="18" hits="16" branch="True" condition-coverage="100% (4/4)">
                  <conditions>
                    <condition number="22" type="jump" coverage="100%" />
                    <condition number="33" type="jump" coverage="100%" />
                  </conditions>
                </line>
                <line number="19" hits="15" branch="False" />
                <line number="20" hits="15" branch="False" />
                <line number="21" hits="15" branch="False" />
                <line number="23" hits="1" branch="False" />
                <line number="24" hits="16" branch="False" />
                <line number="25" hits="1" branch="False" />
                <line number="26" hits="1" branch="False" />
                <line number="27" hits="1" branch="False" />
                <line number="28" hits="1" branch="False" />
                <line number="29" hits="17" branch="False" />
                <line number="30" hits="15" branch="False" />
                <line number="31" hits="15" branch="False" />
              </lines>
            </method>
            <method name="MainMenu" signature="()" line-rate="1" branch-rate="1" complexity="10">
              <lines>
                <line number="33" hits="15" branch="False" />
                <line number="34" hits="15" branch="False" />
                <line number="35" hits="15" branch="False" />
                <line number="36" hits="15" branch="False" />
                <line number="38" hits="15" branch="False" />
                <line number="39" hits="15" branch="False" />
                <line number="40" hits="15" branch="True" condition-coverage="100% (4/4)">
                  <conditions>
                    <condition number="49" type="jump" coverage="100%" />
                    <condition number="56" type="jump" coverage="100%" />
                  </conditions>
                </line>
                <line number="43" hits="11" branch="False" />
                <line number="44" hits="11" branch="False" />
                <line number="45" hits="11" branch="False" />
                <line number="46" hits="11" branch="False" />
                <line number="47" hits="11" branch="True" condition-coverage="100% (2/2)">
                  <conditions>
                    <condition number="107" type="jump" coverage="100%" />
                  </conditions>
                </line>
                <line number="48" hits="2" branch="False" />
                <line number="49" hits="11" branch="True" condition-coverage="100% (2/2)">
                  <conditions>
                    <condition number="128" type="jump" coverage="100%" />
                  </conditions>
                </line>
                <line number="50" hits="5" branch="False" />
                <line number="51" hits="11" branch="True" condition-coverage="100% (2/2)">
                  <conditions>
                    <condition number="149" type="jump" coverage="100%" />
                  </conditions>
                </line>
                <line number="52" hits="4" branch="False" />
                <line number="53" hits="11" branch="False" />
                <line number="54" hits="11" branch="False" />
                <line number="55" hits="11" branch="False" />
                <line number="58" hits="4" branch="False" />
                <line number="59" hits="4" branch="False" />
                <line number="60" hits="4" branch="False" />
                <line number="63" hits="15" branch="False" />
              </lines>
            </method>
            <method name="SetFieldSize" signature="()" line-rate="1" branch-rate="1" complexity="6">
              <lines>
                <line number="65" hits="11" branch="False" />
                <line number="66" hits="11" branch="False" />
                <line number="67" hits="11" branch="False" />
                <line number="68" hits="25" branch="True" condition-coverage="100% (2/2)">
                  <conditions>
                    <condition number="79" type="jump" coverage="100%" />
                  </conditions>
                </line>
                <line number="69" hits="14" branch="False" />
                <line number="71" hits="14" branch="False" />
                <line number="72" hits="14" branch="False" />
                <line number="73" hits="13" branch="True" condition-coverage="100% (4/4)">
                  <conditions>
                    <condition number="22" type="jump" coverage="100%" />
                    <condition number="37" type="jump" coverage="100%" />
                  </conditions>
                </line>
                <line number="74" hits="11" branch="False" />
                <line number="75" hits="11" branch="False" />
                <line number="76" hits="11" branch="False" />
                <line number="78" hits="2" branch="False" />
                <line number="79" hits="13" branch="False" />
                <line number="80" hits="1" branch="False" />
                <line number="81" hits="1" branch="False" />
                <line number="82" hits="1" branch="False" />
                <line number="83" hits="1" branch="False" />
                <line number="84" hits="14" branch="False" />
                <line number="85" hits="11" branch="False" />
                <line number="86" hits="11" branch="False" />
              </lines>
            </method>
            <method name="SetPlayerSymbol" signature="()" line-rate="1" branch-rate="1" complexity="6">
              <lines>
                <line number="88" hits="11" branch="False" />
                <line number="89" hits="11" branch="False" />
                <line number="90" hits="11" branch="False" />
                <line number="91" hits="24" branch="True" condition-coverage="100% (2/2)">
                  <conditions>
                    <condition number="75" type="jump" coverage="100%" />
                  </conditions>
                </line>
                <line number="92" hits="13" branch="False" />
                <line number="94" hits="13" branch="False" />
                <line number="95" hits="13" branch="False" />
                <line number="96" hits="12" branch="True" condition-coverage="100% (4/4)">
                  <conditions>
                    <condition number="22" type="jump" coverage="100%" />
                    <condition number="33" type="jump" coverage="100%" />
                  </conditions>
                </line>
                <line number="97" hits="11" branch="False" />
                <line number="98" hits="11" branch="False" />
                <line number="99" hits="11" branch="False" />
                <line number="101" hits="1" branch="False" />
                <line number="102" hits="12" branch="False" />
                <line number="103" hits="1" branch="False" />
                <line number="104" hits="1" branch="False" />
                <line number="105" hits="1" branch="False" />
                <line number="106" hits="1" branch="False" />
                <line number="107" hits="13" branch="False" />
                <line number="108" hits="11" branch="False" />
                <line number="109" hits="11" branch="False" />
              </lines>
            </method>
            <method name="StartGame" signature="(Field&amp;,Player&amp;,Player&amp;)" line-rate="1" branch-rate="1" complexity="4">
              <lines>
                <line number="111" hits="11" branch="False" />
                <line number="112" hits="11" branch="False" />
                <line number="113" hits="11" branch="False" />
                <line number="114" hits="11" branch="False" />
                <line number="115" hits="11" branch="False" />
                <line number="116" hits="11" branch="False" />
                <line number="117" hits="11" branch="False" />
                <line number="118" hits="11" branch="False" />
                <line number="119" hits="11" branch="True" condition-coverage="100% (2/2)">
                  <conditions>
                    <condition number="62" type="jump" coverage="100%" />
                  </conditions>
                </line>
                <line number="120" hits="6" branch="False" />
                <line number="121" hits="6" branch="False" />
                <line number="122" hits="6" branch="False" />
                <line number="123" hits="6" branch="False" />
                <line number="124" hits="5" branch="True" condition-coverage="100% (2/2)">
                  <conditions>
                    <condition number="89" type="jump" coverage="100%" />
                  </conditions>
                </line>
                <line number="125" hits="5" branch="False" />
                <line number="126" hits="5" branch="False" />
                <line number="127" hits="5" branch="False" />
                <line number="128" hits="5" branch="False" />
                <line number="129" hits="11" branch="False" />
                <line number="130" hits="11" branch="False" />
              </lines>
            </method>
            <method name="ShowLine" signature="(Field&amp;)" line-rate="1" branch-rate="1" complexity="2">
              <lines>
                <line number="132" hits="372" branch="False" />
                <line number="133" hits="3696" branch="True" condition-coverage="100% (2/2)">
                  <conditions>
                    <condition number="34" type="jump" coverage="100%" />
                  </conditions>
                </line>
                <line number="134" hits="1476" branch="False" />
                <line number="135" hits="1476" branch="False" />
                <line number="136" hits="1476" branch="False" />
                <line number="137" hits="372" branch="False" />
                <line number="138" hits="372" branch="False" />
              </lines>
            </method>
            <method name="ShowScale" signature="(Field&amp;)" line-rate="1" branch-rate="1" complexity="2">
              <lines>
                <line number="140" hits="78" branch="False" />
                <line number="141" hits="78" branch="False" />
                <line number="142" hits="744" branch="True" condition-coverage="100% (2/2)">
                  <conditions>
                    <condition number="51" type="jump" coverage="100%" />
                  </conditions>
                </line>
                <line number="143" hits="294" branch="False" />
                <line number="144" hits="294" branch="False" />
                <line number="145" hits="294" branch="False" />
                <line number="146" hits="78" branch="False" />
              </lines>
            </method>
            <method name="ShowField" signature="(Field&amp;)" line-rate="1" branch-rate="1" complexity="10">
              <lines>
                <line number="148" hits="78" branch="False" />
                <line number="149" hits="78" branch="False" />
                <line number="150" hits="78" branch="False" />
                <line number="151" hits="78" branch="False" />
                <line number="152" hits="744" branch="True" condition-coverage="100% (2/2)">
                  <conditions>
                    <condition number="205" type="jump" coverage="100%" />
                  </conditions>
                </line>
                <line number="153" hits="294" branch="False" />
                <line number="154" hits="294" branch="False" />
                <line number="155" hits="2952" branch="True" condition-coverage="100% (2/2)">
                  <conditions>
                    <condition number="165" type="jump" coverage="100%" />
                  </conditions>
                </line>
                <line number="156" hits="1182" branch="False" />
                <line number="157" hits="1182" branch="True" condition-coverage="100% (2/2)">
                  <conditions>
                    <condition number="70" type="jump" coverage="100%" />
                  </conditions>
                </line>
                <line number="158" hits="933" branch="False" />
                <line number="159" hits="933" branch="False" />
                <line number="160" hits="933" branch="False" />
                <line number="161" hits="1182" branch="True" condition-coverage="100% (2/2)">
                  <conditions>
                    <condition number="99" type="jump" coverage="100%" />
                  </conditions>
                </line>
                <line number="162" hits="128" branch="False" />
                <line number="163" hits="128" branch="False" />
                <line number="164" hits="128" branch="False" />
                <line number="165" hits="1182" branch="True" condition-coverage="100% (2/2)">
                  <conditions>
                    <condition number="130" type="jump" coverage="100%" />
                  </conditions>
                </line>
                <line number="166" hits="121" branch="False" />
                <line number="167" hits="121" branch="False" />
                <line number="168" hits="121" branch="False" />
                <line number="169" hits="1182" branch="False" />
                <line number="170" hits="294" branch="False" />
                <line number="171" hits="294" branch="False" />
                <line number="172" hits="294" branch="False" />
                <line number="173" hits="78" branch="False" />
              </lines>
            </method>
            <method name="SetPlayerMove" signature="(Field)" line-rate="1" branch-rate="1" complexity="12">
              <lines>
                <line number="175" hits="71" branch="False" />
                <line number="176" hits="71" branch="False" />
                <line number="177" hits="71" branch="False" />
                <line number="178" hits="71" branch="False" />
                <line number="179" hits="71" branch="False" />
                <line number="180" hits="144" branch="True" condition-coverage="100% (2/2)">
                  <conditions>
                    <condition number="177" type="jump" coverage="100%" />
                  </conditions>
                </line>
                <line number="181" hits="73" branch="False" />
                <line number="183" hits="73" branch="False" />
                <line number="184" hits="73" branch="False" />
                <line number="185" hits="73" branch="False" />
                <line number="186" hits="73" branch="False" />
                <line number="187" hits="72" branch="True" condition-coverage="100% (10/10)">
                  <conditions>
                    <condition number="83" type="jump" coverage="100%" />
                    <condition number="89" type="jump" coverage="100%" />
                    <condition number="102" type="jump" coverage="100%" />
                    <condition number="108" type="jump" coverage="100%" />
                    <condition number="133" type="jump" coverage="100%" />
                  </conditions>
                </line>
                <line number="188" hits="72" branch="False" />
                <line number="189" hits="71" branch="False" />
                <line number="190" hits="71" branch="False" />
                <line number="191" hits="71" branch="False" />
                <line number="193" hits="1" branch="False" />
                <line number="194" hits="72" branch="False" />
                <line number="195" hits="1" branch="False" />
                <line number="196" hits="1" branch="False" />
                <line number="197" hits="1" branch="False" />
                <line number="198" hits="1" branch="False" />
                <line number="199" hits="73" branch="False" />
                <line number="200" hits="71" branch="False" />
                <line number="201" hits="71" branch="False" />
              </lines>
            </method>
            <method name="PlayGame" signature="(Field&amp;,Player&amp;,Player&amp;)" line-rate="1" branch-rate="1" complexity="8">
              <lines>
                <line number="203" hits="11" branch="False" />
                <line number="204" hits="11" branch="False" />
                <line number="205" hits="11" branch="False" />
                <line number="206" hits="11" branch="False" />
                <line number="207" hits="82" branch="True" condition-coverage="100% (4/4)">
                  <conditions>
                    <condition number="204" type="jump" coverage="100%" />
                    <condition number="191" type="jump" coverage="100%" />
                  </conditions>
                </line>
                <line number="208" hits="71" branch="False" />
                <line number="209" hits="71" branch="False" />
                <line number="210" hits="71" branch="True" condition-coverage="100% (2/2)">
                  <conditions>
                    <condition number="33" type="jump" coverage="100%" />
                  </conditions>
                </line>
                <line number="211" hits="30" branch="False" />
                <line number="212" hits="30" branch="False" />
                <line number="213" hits="30" branch="False" />
                <line number="214" hits="30" branch="False" />
                <line number="215" hits="30" branch="False" />
                <line number="217" hits="41" branch="False" />
                <line number="218" hits="41" branch="False" />
                <line number="219" hits="41" branch="False" />
                <line number="220" hits="41" branch="False" />
                <line number="221" hits="41" branch="False" />
                <line number="222" hits="71" branch="False" />
                <line number="223" hits="71" branch="False" />
                <line number="224" hits="71" branch="True" condition-coverage="100% (2/2)">
                  <conditions>
                    <condition number="137" type="jump" coverage="100%" />
                  </conditions>
                </line>
                <line number="225" hits="64" branch="False" />
                <line number="226" hits="64" branch="False" />
                <line number="228" hits="64" branch="False" />
                <line number="230" hits="7" branch="False" />
                <line number="231" hits="7" branch="False" />
                <line number="232" hits="7" branch="False" />
                <line number="233" hits="7" branch="False" />
                <line number="234" hits="71" branch="False" />
                <line number="235" hits="11" branch="False" />
                <line number="236" hits="11" branch="False" />
              </lines>
            </method>
            <method name="Main" signature="()" line-rate="1" branch-rate="1" complexity="1">
              <lines>
                <line number="238" hits="1" branch="False" />
                <line number="239" hits="1" branch="False" />
                <line number="240" hits="1" branch="False" />
              </lines>
            </method>
            <method name=".cctor" signature="()" line-rate="1" branch-rate="1" complexity="1">
              <lines>
                <line number="8" hits="1" branch="False" />
              </lines>
            </method>
          </methods>
          <lines>
            <line number="10" hits="15" branch="False" />
            <line number="11" hits="15" branch="False" />
            <line number="12" hits="15" branch="False" />
            <line number="13" hits="32" branch="True" condition-coverage="100% (2/2)">
              <conditions>
                <condition number="75" type="jump" coverage="100%" />
              </conditions>
            </line>
            <line number="14" hits="17" branch="False" />
            <line number="16" hits="17" branch="False" />
            <line number="17" hits="17" branch="False" />
            <line number="18" hits="16" branch="True" condition-coverage="100% (4/4)">
              <conditions>
                <condition number="22" type="jump" coverage="100%" />
                <condition number="33" type="jump" coverage="100%" />
              </conditions>
            </line>
            <line number="19" hits="15" branch="False" />
            <line number="20" hits="15" branch="False" />
            <line number="21" hits="15" branch="False" />
            <line number="23" hits="1" branch="False" />
            <line number="24" hits="16" branch="False" />
            <line number="25" hits="1" branch="False" />
            <line number="26" hits="1" branch="False" />
            <line number="27" hits="1" branch="False" />
            <line number="28" hits="1" branch="False" />
            <line number="29" hits="17" branch="False" />
            <line number="30" hits="15" branch="False" />
            <line number="31" hits="15" branch="False" />
            <line number="33" hits="15" branch="False" />
            <line number="34" hits="15" branch="False" />
            <line number="35" hits="15" branch="False" />
            <line number="36" hits="15" branch="False" />
            <line number="38" hits="15" branch="False" />
            <line number="39" hits="15" branch="False" />
            <line number="40" hits="15" branch="True" condition-coverage="100% (4/4)">
              <conditions>
                <condition number="49" type="jump" coverage="100%" />
                <condition number="56" type="jump" coverage="100%" />
              </conditions>
            </line>
            <line number="43" hits="11" branch="False" />
            <line number="44" hits="11" branch="False" />
            <line number="45" hits="11" branch="False" />
            <line number="46" hits="11" branch="False" />
            <line number="47" hits="11" branch="True" condition-coverage="100% (2/2)">
              <conditions>
                <condition number="107" type="jump" coverage="100%" />
              </conditions>
            </line>
            <line number="48" hits="2" branch="False" />
            <line number="49" hits="11" branch="True" condition-coverage="100% (2/2)">
              <conditions>
                <condition number="128" type="jump" coverage="100%" />
              </conditions>
            </line>
            <line number="50" hits="5" branch="False" />
            <line number="51" hits="11" branch="True" condition-coverage="100% (2/2)">
              <conditions>
                <condition number="149" type="jump" coverage="100%" />
              </conditions>
            </line>
            <line number="52" hits="4" branch="False" />
            <line number="53" hits="11" branch="False" />
            <line number="54" hits="11" branch="False" />
            <line number="55" hits="11" branch="False" />
            <line number="58" hits="4" branch="False" />
            <line number="59" hits="4" branch="False" />
            <line number="60" hits="4" branch="False" />
            <line number="63" hits="15" branch="False" />
            <line number="65" hits="11" branch="False" />
            <line number="66" hits="11" branch="False" />
            <line number="67" hits="11" branch="False" />
            <line number="68" hits="25" branch="True" condition-coverage="100% (2/2)">
              <conditions>
                <condition number="79" type="jump" coverage="100%" />
              </conditions>
            </line>
            <line number="69" hits="14" branch="False" />
            <line number="71" hits="14" branch="False" />
            <line number="72" hits="14" branch="False" />
            <line number="73" hits="13" branch="True" condition-coverage="100% (4/4)">
              <conditions>
                <condition number="22" type="jump" coverage="100%" />
                <condition number="37" type="jump" coverage="100%" />
              </conditions>
            </line>
            <line number="74" hits="11" branch="False" />
            <line number="75" hits="11" branch="False" />
            <line number="76" hits="11" branch="False" />
            <line number="78" hits="2" branch="False" />
            <line number="79" hits="13" branch="False" />
            <line number="80" hits="1" branch="False" />
            <line number="81" hits="1" branch="False" />
            <line number="82" hits="1" branch="False" />
            <line number="83" hits="1" branch="False" />
            <line number="84" hits="14" branch="False" />
            <line number="85" hits="11" branch="False" />
            <line number="86" hits="11" branch="False" />
            <line number="88" hits="11" branch="False" />
            <line number="89" hits="11" branch="False" />
            <line number="90" hits="11" branch="False" />
            <line number="91" hits="24" branch="True" condition-coverage="100% (2/2)">
              <conditions>
                <condition number="75" type="jump" coverage="100%" />
              </conditions>
            </line>
            <line number="92" hits="13" branch="False" />
            <line number="94" hits="13" branch="False" />
            <line number="95" hits="13" branch="False" />
            <line number="96" hits="12" branch="True" condition-coverage="100% (4/4)">
              <conditions>
                <condition number="22" type="jump" coverage="100%" />
                <condition number="33" type="jump" coverage="100%" />
              </conditions>
            </line>
            <line number="97" hits="11" branch="False" />
            <line number="98" hits="11" branch="False" />
            <line number="99" hits="11" branch="False" />
            <line number="101" hits="1" branch="False" />
            <line number="102" hits="12" branch="False" />
            <line number="103" hits="1" branch="False" />
            <line number="104" hits="1" branch="False" />
            <line number="105" hits="1" branch="False" />
            <line number="106" hits="1" branch="False" />
            <line number="107" hits="13" branch="False" />
            <line number="108" hits="11" branch="False" />
            <line number="109" hits="11" branch="False" />
            <line number="111" hits="11" branch="False" />
            <line number="112" hits="11" branch="False" />
            <line number="113" hits="11" branch="False" />
            <line number="114" hits="11" branch="False" />
            <line number="115" hits="11" branch="False" />
            <line number="116" hits="11" branch="False" />
            <line number="117" hits="11" branch="False" />
            <line number="118" hits="11" branch="False" />
            <line number="119" hits="11" branch="True" condition-coverage="100% (2/2)">
              <conditions>
                <condition number="62" type="jump" coverage="100%" />
              </conditions>
            </line>
            <line number="120" hits="6" branch="False" />
            <line number="121" hits="6" branch="False" />
            <line number="122" hits="6" branch="False" />
            <line number="123" hits="6" branch="False" />
            <line number="124" hits="5" branch="True" condition-coverage="100% (2/2)">
              <conditions>
                <condition number="89" type="jump" coverage="100%" />
              </conditions>
            </line>
            <line number="125" hits="5" branch="False" />
            <line number="126" hits="5" branch="False" />
            <line number="127" hits="5" branch="False" />
            <line number="128" hits="5" branch="False" />
            <line number="129" hits="11" branch="False" />
            <line number="130" hits="11" branch="False" />
            <line number="132" hits="372" branch="False" />
            <line number="133" hits="3696" branch="True" condition-coverage="100% (2/2)">
              <conditions>
                <condition number="34" type="jump" coverage="100%" />
              </conditions>
            </line>
            <line number="134" hits="1476" branch="False" />
            <line number="135" hits="1476" branch="False" />
            <line number="136" hits="1476" branch="False" />
            <line number="137" hits="372" branch="False" />
            <line number="138" hits="372" branch="False" />
            <line number="140" hits="78" branch="False" />
            <line number="141" hits="78" branch="False" />
            <line number="142" hits="744" branch="True" condition-coverage="100% (2/2)">
              <conditions>
                <condition number="51" type="jump" coverage="100%" />
              </conditions>
            </line>
            <line number="143" hits="294" branch="False" />
            <line number="144" hits="294" branch="False" />
            <line number="145" hits="294" branch="False" />
            <line number="146" hits="78" branch="False" />
            <line number="148" hits="78" branch="False" />
            <line number="149" hits="78" branch="False" />
            <line number="150" hits="78" branch="False" />
            <line number="151" hits="78" branch="False" />
            <line number="152" hits="744" branch="True" condition-coverage="100% (2/2)">
              <conditions>
                <condition number="205" type="jump" coverage="100%" />
              </conditions>
            </line>
            <line number="153" hits="294" branch="False" />
            <line number="154" hits="294" branch="False" />
            <line number="155" hits="2952" branch="True" condition-coverage="100% (2/2)">
              <conditions>
                <condition number="165" type="jump" coverage="100%" />
              </conditions>
            </line>
            <line number="156" hits="1182" branch="False" />
            <line number="157" hits="1182" branch="True" condition-coverage="100% (2/2)">
              <conditions>
                <condition number="70" type="jump" coverage="100%" />
              </conditions>
            </line>
            <line number="158" hits="933" branch="False" />
            <line number="159" hits="933" branch="False" />
            <line number="160" hits="933" branch="False" />
            <line number="161" hits="1182" branch="True" condition-coverage="100% (2/2)">
              <conditions>
                <condition number="99" type="jump" coverage="100%" />
              </conditions>
            </line>
            <line number="162" hits="128" branch="False" />
            <line number="163" hits="128" branch="False" />
            <line number="164" hits="128" branch="False" />
            <line number="165" hits="1182" branch="True" condition-coverage="100% (2/2)">
              <conditions>
                <condition number="130" type="jump" coverage="100%" />
              </conditions>
            </line>
            <line number="166" hits="121" branch="False" />
            <line number="167" hits="121" branch="False" />
            <line number="168" hits="121" branch="False" />
            <line number="169" hits="1182" branch="False" />
            <line number="170" hits="294" branch="False" />
            <line number="171" hits="294" branch="False" />
            <line number="172" hits="294" branch="False" />
            <line number="173" hits="78" branch="False" />
            <line number="175" hits="71" branch="False" />
            <line number="176" hits="71" branch="False" />
            <line number="177" hits="71" branch="False" />
            <line number="178" hits="71" branch="False" />
            <line number="179" hits="71" branch="False" />
            <line number="180" hits="144" branch="True" condition-coverage="100% (2/2)">
              <conditions>
                <condition number="177" type="jump" coverage="100%" />
              </conditions>
            </line>
            <line number="181" hits="73" branch="False" />
            <line number="183" hits="73" branch="False" />
            <line number="184" hits="73" branch="False" />
            <line number="185" hits="73" branch="False" />
            <line number="186" hits="73" branch="False" />
            <line number="187" hits="72" branch="True" condition-coverage="100% (10/10)">
              <conditions>
                <condition number="83" type="jump" coverage="100%" />
                <condition number="89" type="jump" coverage="100%" />
                <condition number="102" type="jump" coverage="100%" />
                <condition number="108" type="jump" coverage="100%" />
                <condition number="133" type="jump" coverage="100%" />
              </conditions>
            </line>
            <line number="188" hits="72" branch="False" />
            <line number="189" hits="71" branch="False" />
            <line number="190" hits="71" branch="False" />
            <line number="191" hits="71" branch="False" />
            <line number="193" hits="1" branch="False" />
            <line number="194" hits="72" branch="False" />
            <line number="195" hits="1" branch="False" />
            <line number="196" hits="1" branch="False" />
            <line number="197" hits="1" branch="False" />
            <line number="198" hits="1" branch="False" />
            <line number="199" hits="73" branch="False" />
            <line number="200" hits="71" branch="False" />
            <line number="201" hits="71" branch="False" />
            <line number="203" hits="11" branch="False" />
            <line number="204" hits="11" branch="False" />
            <line number="205" hits="11" branch="False" />
            <line number="206" hits="11" branch="False" />
            <line number="207" hits="82" branch="True" condition-coverage="100% (4/4)">
              <conditions>
                <condition number="204" type="jump" coverage="100%" />
                <condition number="191" type="jump" coverage="100%" />
              </conditions>
            </line>
            <line number="208" hits="71" branch="False" />
            <line number="209" hits="71" branch="False" />
            <line number="210" hits="71" branch="True" condition-coverage="100% (2/2)">
              <conditions>
                <condition number="33" type="jump" coverage="100%" />
              </conditions>
            </line>
            <line number="211" hits="30" branch="False" />
            <line number="212" hits="30" branch="False" />
            <line number="213" hits="30" branch="False" />
            <line number="214" hits="30" branch="False" />
            <line number="215" hits="30" branch="False" />
            <line number="217" hits="41" branch="False" />
            <line number="218" hits="41" branch="False" />
            <line number="219" hits="41" branch="False" />
            <line number="220" hits="41" branch="False" />
            <line number="221" hits="41" branch="False" />
            <line number="222" hits="71" branch="False" />
            <line number="223" hits="71" branch="False" />
            <line number="224" hits="71" branch="True" condition-coverage="100% (2/2)">
              <conditions>
                <condition number="137" type="jump" coverage="100%" />
              </conditions>
            </line>
            <line number="225" hits="64" branch="False" />
            <line number="226" hits="64" branch="False" />
            <line number="228" hits="64" branch="False" />
            <line number="230" hits="7" branch="False" />
            <line number="231" hits="7" branch="False" />
            <line number="232" hits="7" branch="False" />
            <line number="233" hits="7" branch="False" />
            <line number="234" hits="71" branch="False" />
            <line number="235" hits="11" branch="False" />
            <line number="236" hits="11" branch="False" />
            <line number="238" hits="1" branch="False" />
            <line number="239" hits="1" branch="False" />
            <line number="240" hits="1" branch="False" />
            <line number="8" hits="1" branch="False" />
          </lines>
        </class>
        <class name="Player" filename="Player.cs" line-rate="1" branch-rate="1" complexity="7">
          <methods>
            <method name="get_Symbol" signature="()" line-rate="1" branch-rate="1" complexity="1">
              <lines>
                <line number="12" hits="80" branch="False" />
              </lines>
            </method>
            <method name="set_Symbol" signature="(Symbols)" line-rate="1" branch-rate="1" complexity="4">
              <lines>
                <line number="14" hits="27" branch="False" />
                <line number="15" hits="27" branch="False" />
                <line number="16" hits="27" branch="True" condition-coverage="100% (2/2)">
                  <conditions>
                    <condition number="9" type="jump" coverage="100%" />
                  </conditions>
                </line>
                <line number="17" hits="13" branch="False" />
                <line number="18" hits="14" branch="True" condition-coverage="100% (2/2)">
                  <conditions>
                    <condition number="26" type="jump" coverage="100%" />
                  </conditions>
                </line>
                <line number="19" hits="14" branch="False" />
                <line number="20" hits="27" branch="False" />
              </lines>
            </method>
            <method name="MakeMove" signature="(System.Byte,System.Byte,Field)" line-rate="1" branch-rate="1" complexity="2">
              <lines>
                <line number="23" hits="74" branch="False" />
                <line number="24" hits="74" branch="False" />
                <line number="25" hits="74" branch="True" condition-coverage="100% (2/2)">
                  <conditions>
                    <condition number="13" type="jump" coverage="100%" />
                  </conditions>
                </line>
                <line number="26" hits="74" branch="False" />
                <line number="27" hits="74" branch="False" />
                <line number="28" hits="74" branch="False" />
                <line number="29" hits="74" branch="False" />
                <line number="30" hits="74" branch="False" />
                <line number="31" hits="74" branch="False" />
              </lines>
            </method>
          </methods>
          <lines>
            <line number="12" hits="80" branch="False" />
            <line number="14" hits="27" branch="False" />
            <line number="15" hits="27" branch="False" />
            <line number="16" hits="27" branch="True" condition-coverage="100% (2/2)">
              <conditions>
                <condition number="9" type="jump" coverage="100%" />
              </conditions>
            </line>
            <line number="17" hits="13" branch="False" />
            <line number="18" hits="14" branch="True" condition-coverage="100% (2/2)">
              <conditions>
                <condition number="26" type="jump" coverage="100%" />
              </conditions>
            </line>
            <line number="19" hits="14" branch="False" />
            <line number="20" hits="27" branch="False" />
            <line number="23" hits="74" branch="False" />
            <line number="24" hits="74" branch="False" />
            <line number="25" hits="74" branch="True" condition-coverage="100% (2/2)">
              <conditions>
                <condition number="13" type="jump" coverage="100%" />
              </conditions>
            </line>
            <line number="26" hits="74" branch="False" />
            <line number="27" hits="74" branch="False" />
            <line number="28" hits="74" branch="False" />
            <line number="29" hits="74" branch="False" />
            <line number="30" hits="74" branch="False" />
            <line number="31" hits="74" branch="False" />
          </lines>
        </class>
      </classes>
    </package>
  </packages>
</coverage>